<?xml version="1.0" encoding="UTF-8"?>
<testng-results ignored="0" total="14" passed="14" failed="0" skipped="0">
  <reporter-output>
  </reporter-output>
  <suite started-at="2019-05-29T00:21:42Z" name="Default suite" finished-at="2019-05-29T00:21:42Z" duration-ms="91">
    <groups>
    </groups>
    <test started-at="2019-05-29T00:21:42Z" name="Default test" finished-at="2019-05-29T00:21:42Z" duration-ms="91">
      <class name="testng.practiseTestNg">
        <test-method signature="test10()[pri:0, instance:testng.practiseTestNg@7c9d8e2]" started-at="2019-05-29T00:21:42Z" name="test10" finished-at="2019-05-29T00:21:42Z" duration-ms="14" status="PASS">
          <reporter-output>
          </reporter-output>
        </test-method> <!-- test10 -->
        <test-method signature="test10()[pri:0, instance:testng.practiseTestNg@7c9d8e2]" started-at="2019-05-29T00:21:42Z" name="test10" finished-at="2019-05-29T00:21:42Z" duration-ms="1" status="PASS">
          <reporter-output>
          </reporter-output>
        </test-method> <!-- test10 -->
        <test-method signature="test10()[pri:0, instance:testng.practiseTestNg@7c9d8e2]" started-at="2019-05-29T00:21:42Z" name="test10" finished-at="2019-05-29T00:21:42Z" duration-ms="1" status="PASS">
          <reporter-output>
          </reporter-output>
        </test-method> <!-- test10 -->
        <test-method signature="test10()[pri:0, instance:testng.practiseTestNg@7c9d8e2]" started-at="2019-05-29T00:21:42Z" name="test10" finished-at="2019-05-29T00:21:42Z" duration-ms="0" status="PASS">
          <reporter-output>
          </reporter-output>
        </test-method> <!-- test10 -->
        <test-method signature="test10()[pri:0, instance:testng.practiseTestNg@7c9d8e2]" started-at="2019-05-29T00:21:42Z" name="test10" finished-at="2019-05-29T00:21:42Z" duration-ms="2" status="PASS">
          <reporter-output>
          </reporter-output>
        </test-method> <!-- test10 -->
        <test-method signature="test9()[pri:2, instance:testng.practiseTestNg@7c9d8e2]" started-at="2019-05-29T00:21:42Z" name="test9" finished-at="2019-05-29T00:21:42Z" duration-ms="5" status="PASS">
          <reporter-output>
          </reporter-output>
        </test-method> <!-- test9 -->
        <test-method signature="test8()[pri:3, instance:testng.practiseTestNg@7c9d8e2]" started-at="2019-05-29T00:21:42Z" name="test8" finished-at="2019-05-29T00:21:42Z" duration-ms="4" status="PASS">
          <reporter-output>
          </reporter-output>
        </test-method> <!-- test8 -->
        <test-method signature="test7()[pri:4, instance:testng.practiseTestNg@7c9d8e2]" started-at="2019-05-29T00:21:42Z" name="test7" finished-at="2019-05-29T00:21:42Z" duration-ms="2" status="PASS">
          <reporter-output>
          </reporter-output>
        </test-method> <!-- test7 -->
        <test-method signature="test6()[pri:5, instance:testng.practiseTestNg@7c9d8e2]" started-at="2019-05-29T00:21:42Z" name="test6" finished-at="2019-05-29T00:21:42Z" duration-ms="2" status="PASS">
          <reporter-output>
          </reporter-output>
        </test-method> <!-- test6 -->
        <test-method signature="test5()[pri:6, instance:testng.practiseTestNg@7c9d8e2]" started-at="2019-05-29T00:21:42Z" name="test5" finished-at="2019-05-29T00:21:42Z" duration-ms="1" status="PASS">
          <reporter-output>
          </reporter-output>
        </test-method> <!-- test5 -->
        <test-method signature="test4()[pri:7, instance:testng.practiseTestNg@7c9d8e2]" started-at="2019-05-29T00:21:42Z" name="test4" finished-at="2019-05-29T00:21:42Z" duration-ms="2" status="PASS">
          <reporter-output>
          </reporter-output>
        </test-method> <!-- test4 -->
        <test-method signature="test3()[pri:8, instance:testng.practiseTestNg@7c9d8e2]" started-at="2019-05-29T00:21:42Z" name="test3" finished-at="2019-05-29T00:21:42Z" duration-ms="2" status="PASS">
          <reporter-output>
          </reporter-output>
        </test-method> <!-- test3 -->
        <test-method signature="test2()[pri:9, instance:testng.practiseTestNg@7c9d8e2]" started-at="2019-05-29T00:21:42Z" name="test2" finished-at="2019-05-29T00:21:42Z" duration-ms="1" status="PASS">
          <reporter-output>
          </reporter-output>
        </test-method> <!-- test2 -->
        <test-method signature="test1()[pri:10, instance:testng.practiseTestNg@7c9d8e2]" started-at="2019-05-29T00:21:42Z" name="test1" finished-at="2019-05-29T00:21:42Z" duration-ms="2" status="PASS">
          <reporter-output>
          </reporter-output>
        </test-method> <!-- test1 -->
      </class> <!-- testng.practiseTestNg -->
    </test> <!-- Default test -->
  </suite> <!-- Default suite -->
</testng-results>
