<?xml version="1.0" encoding="UTF-8"?>
<!-- Generated by org.testng.reporters.JUnitXMLReporter -->
<testsuite ignored="0" hostname="DESKTOP-C3K6RLG" failures="0" tests="14" name="Default test" time="0.091" errors="0" timestamp="29 May 2019 00:21:43 GMT">
  <testcase classname="testng.practiseTestNg" name="test10" time="0.014"/>
  <testcase classname="testng.practiseTestNg" name="test10" time="0.001"/>
  <testcase classname="testng.practiseTestNg" name="test10" time="0.001"/>
  <testcase classname="testng.practiseTestNg" name="test10" time="0.0"/>
  <testcase classname="testng.practiseTestNg" name="test10" time="0.002"/>
  <testcase classname="testng.practiseTestNg" name="test9" time="0.005"/>
  <testcase classname="testng.practiseTestNg" name="test8" time="0.004"/>
  <testcase classname="testng.practiseTestNg" name="test7" time="0.002"/>
  <testcase classname="testng.practiseTestNg" name="test6" time="0.002"/>
  <testcase classname="testng.practiseTestNg" name="test5" time="0.001"/>
  <testcase classname="testng.practiseTestNg" name="test4" time="0.002"/>
  <testcase classname="testng.practiseTestNg" name="test3" time="0.002"/>
  <testcase classname="testng.practiseTestNg" name="test2" time="0.001"/>
  <testcase classname="testng.practiseTestNg" name="test1" time="0.002"/>
</testsuite> <!-- Default test -->
